<?xml version="1.0" encoding="UTF-8"?>
<!-- Generated by org.testng.reporters.JUnitReportReporter -->
<testsuite skipped="0" hostname="FGQHDX2-Elvis" name="TestCases.ListPlaces" tests="1" failures="0" timestamp="2020-06-19T09:40:37 CEST" time="10.703" errors="0">
  <testcase name="ListPlacesForm" time="10.703" classname="TestCases.ListPlaces"/>
  <system-out/>
</testsuite> <!-- TestCases.ListPlaces -->
