<?xml version="1.0" encoding="UTF-8"?>
<!-- Generated by org.testng.reporters.JUnitReportReporter -->
<testsuite skipped="0" hostname="FGQHDX2-Elvis" name="TestCases.AppLogin" tests="1" failures="0" timestamp="2020-06-19T09:40:37 CEST" time="13.043" errors="0">
  <testcase name="Login" time="13.043" classname="TestCases.AppLogin"/>
  <system-out/>
</testsuite> <!-- TestCases.AppLogin -->
